<?xml version="1.0" encoding="UTF-8"?>
<testng-results ignored="0" total="2" passed="2" failed="0" skipped="0">
  <reporter-output>
  </reporter-output>
  <suite started-at="2024-10-17T21:57:06 IST" name="Netmeds Homepage suite" finished-at="2024-10-17T21:58:27 IST" duration-ms="81347">
    <groups>
    </groups>
    <test started-at="2024-10-17T21:57:06 IST" name="Homepage Tests" finished-at="2024-10-17T21:58:27 IST" duration-ms="81347">
      <class name="runner.TestRunner">
        <test-method is-config="true" signature="startup()[pri:0, instance:runner.TestRunner@498d318c]" started-at="2024-10-17T21:57:06 IST" name="startup" finished-at="2024-10-17T21:57:11 IST" duration-ms="5695" status="PASS">
          <reporter-output>
          </reporter-output>
        </test-method> <!-- startup -->
        <test-method signature="Medicine_Module()[pri:0, instance:runner.TestRunner@498d318c]" started-at="2024-10-17T21:57:11 IST" name="Medicine_Module" finished-at="2024-10-17T21:58:02 IST" duration-ms="50824" status="PASS">
          <reporter-output>
          </reporter-output>
        </test-method> <!-- Medicine_Module -->
        <test-method is-config="true" signature="tearDown()[pri:0, instance:runner.TestRunner@498d318c]" started-at="2024-10-17T21:58:02 IST" name="tearDown" finished-at="2024-10-17T21:58:03 IST" duration-ms="849" status="PASS">
          <reporter-output>
          </reporter-output>
        </test-method> <!-- tearDown -->
        <test-method is-config="true" signature="startup()[pri:0, instance:runner.TestRunner@498d318c]" started-at="2024-10-17T21:58:03 IST" name="startup" finished-at="2024-10-17T21:58:26 IST" duration-ms="23187" status="PASS">
          <reporter-output>
          </reporter-output>
        </test-method> <!-- startup -->
        <test-method signature="verify_netmeds_opens_in_Browser()[pri:0, instance:runner.TestRunner@498d318c]" started-at="2024-10-17T21:58:26 IST" name="verify_netmeds_opens_in_Browser" finished-at="2024-10-17T21:58:26 IST" duration-ms="90" status="PASS">
          <reporter-output>
          </reporter-output>
        </test-method> <!-- verify_netmeds_opens_in_Browser -->
        <test-method is-config="true" signature="tearDown()[pri:0, instance:runner.TestRunner@498d318c]" started-at="2024-10-17T21:58:26 IST" name="tearDown" finished-at="2024-10-17T21:58:27 IST" duration-ms="624" status="PASS">
          <reporter-output>
          </reporter-output>
        </test-method> <!-- tearDown -->
      </class> <!-- runner.TestRunner -->
    </test> <!-- Homepage Tests -->
  </suite> <!-- Netmeds Homepage suite -->
</testng-results>
